# project noname (1.0) configured on Mon Dec 19 02:05:33 2011 by
# waf 1.5.16 (abi 7, python 20701f0 on darwin)
# using /usr/local/bin/node-waf configure
#

----------------------------------------
Setting srcdir to
/Users/nickliu/git/mk2blog-pages/blog/fibonacci

----------------------------------------
Setting blddir to
/Users/nickliu/git/mk2blog-pages/blog/fibonacci/build

----------------------------------------
Checking for program g++ or c++
  find program=['g++', 'c++'] paths=[] var='CXX'
  -> '/usr/bin/g++'

----------------------------------------
Checking for program cpp
  find program=['cpp'] paths=[] var='CPP'
  -> '/usr/bin/cpp'

----------------------------------------
Checking for program ar
  find program=['ar'] paths=[] var='AR'
  -> '/usr/bin/ar'

----------------------------------------
Checking for program ranlib
  find program=['ranlib'] paths=[] var='RANLIB'
  -> '/usr/bin/ranlib'

----------------------------------------
Checking for g++ 
ok 

----------------------------------------
Checking for node path 
ok /usr/local/lib/node_modules

----------------------------------------
Checking for node prefix 
ok /usr/local
